[debug] [2021-08-27T10:29:16.652Z] ----------------------------------------------------------------------
[debug] [2021-08-27T10:29:16.656Z] Command:       C:\PROGRAM FILES\NODEJS\node.exe C:\Users\Dell\AppData\Roaming\npm\node_modules\firebase-tools\lib\bin\firebase.js init hosting
[debug] [2021-08-27T10:29:16.656Z] CLI Version:   9.16.6
[debug] [2021-08-27T10:29:16.656Z] Platform:      win32
[debug] [2021-08-27T10:29:16.657Z] Node Version:  v14.16.1
[debug] [2021-08-27T10:29:16.658Z] Time:          Fri Aug 27 2021 13:29:16 GMT+0300 (Източноевропейско лятно часово време)
[debug] [2021-08-27T10:29:16.659Z] ----------------------------------------------------------------------
[debug] 
[debug] [2021-08-27T10:29:16.672Z] > command requires scopes: ["email","openid","https://www.googleapis.com/auth/cloudplatformprojects.readonly","https://www.googleapis.com/auth/firebase","https://www.googleapis.com/auth/cloud-platform"]
[debug] [2021-08-27T10:29:16.672Z] > authorizing via signed-in user (dark.mat73r@gmail.com)
[info] 
     ######## #### ########  ######## ########     ###     ######  ########
     ##        ##  ##     ## ##       ##     ##  ##   ##  ##       ##
     ######    ##  ########  ######   ########  #########  ######  ######
     ##        ##  ##    ##  ##       ##     ## ##     ##       ## ##
     ##       #### ##     ## ######## ########  ##     ##  ######  ########

You're about to initialize a Firebase project in this directory:

  D:\CODE\softuni\js-back-end--january-2021\exam\ExpenseTracker

[info] 
=== Project Setup
[info] 
[info] First, let's associate this project directory with a Firebase project.
[info] You can create multiple project aliases by running firebase use --add, 
[info] but for now we'll just set up a default project.
[info] 
[debug] [2021-08-27T10:29:22.507Z] > refreshing access token with scopes: []
[debug] [2021-08-27T10:29:22.508Z] >>> HTTP REQUEST POST https://www.googleapis.com/oauth2/v3/token  
 <request body omitted>
[debug] [2021-08-27T10:29:22.698Z] <<< HTTP RESPONSE 200 {"cache-control":"no-cache, no-store, max-age=0, must-revalidate","pragma":"no-cache","expires":"Mon, 01 Jan 1990 00:00:00 GMT","date":"Fri, 27 Aug 2021 10:29:22 GMT","content-type":"application/json; charset=utf-8","vary":"X-Origin, Referer, Origin,Accept-Encoding","server":"scaffolding on HTTPServer2","x-xss-protection":"0","x-frame-options":"SAMEORIGIN","x-content-type-options":"nosniff","alt-svc":"h3=\":443\"; ma=2592000,h3-29=\":443\"; ma=2592000,h3-T051=\":443\"; ma=2592000,h3-Q050=\":443\"; ma=2592000,h3-Q046=\":443\"; ma=2592000,h3-Q043=\":443\"; ma=2592000,quic=\":443\"; ma=2592000; v=\"46,43\"","accept-ranges":"none","transfer-encoding":"chunked"}
[debug] [2021-08-27T10:29:22.741Z] >>> [apiv2][query] GET https://firebase.googleapis.com/v1beta1/projects pageSize=100
[debug] [2021-08-27T10:29:23.087Z] <<< [apiv2][status] GET https://firebase.googleapis.com/v1beta1/projects 200
[debug] [2021-08-27T10:29:23.088Z] <<< [apiv2][body] GET https://firebase.googleapis.com/v1beta1/projects [omitted]
